<?xml version="1.0" encoding="UTF-8"?>
<testsuite xmlns:xsi="http://www.w3.org/2001/XMLSchema-instance" xsi:noNamespaceSchemaLocation="https://maven.apache.org/surefire/maven-surefire-plugin/xsd/surefire-test-report.xsd" name="com.clementang.shoppingcart.shoppingcartApplicationTests" time="5.132" tests="1" errors="0" skipped="0" failures="0">
  <properties>
    <property name="sun.desktop" value="windows"/>
    <property name="awt.toolkit" value="sun.awt.windows.WToolkit"/>
    <property name="java.specification.version" value="11"/>
    <property name="sun.cpu.isalist" value="amd64"/>
    <property name="sun.jnu.encoding" value="Cp1252"/>
    <property name="java.class.path" value="G:\springtutorials\cmsshoppingcart\cmsshoppingcart\target\test-classes;G:\springtutorials\cmsshoppingcart\cmsshoppingcart\target\classes;C:\Users\kuosh\.m2\repository\org\springframework\boot\spring-boot-starter-web\3.0.0\spring-boot-starter-web-3.0.0.jar;C:\Users\kuosh\.m2\repository\org\springframework\boot\spring-boot-starter\2.5.8\spring-boot-starter-2.5.8.jar;C:\Users\kuosh\.m2\repository\org\springframework\boot\spring-boot-starter-logging\2.5.8\spring-boot-starter-logging-2.5.8.jar;C:\Users\kuosh\.m2\repository\ch\qos\logback\logback-classic\1.2.9\logback-classic-1.2.9.jar;C:\Users\kuosh\.m2\repository\ch\qos\logback\logback-core\1.2.9\logback-core-1.2.9.jar;C:\Users\kuosh\.m2\repository\org\apache\logging\log4j\log4j-to-slf4j\2.17.0\log4j-to-slf4j-2.17.0.jar;C:\Users\kuosh\.m2\repository\org\apache\logging\log4j\log4j-api\2.17.0\log4j-api-2.17.0.jar;C:\Users\kuosh\.m2\repository\org\slf4j\jul-to-slf4j\1.7.32\jul-to-slf4j-1.7.32.jar;C:\Users\kuosh\.m2\repository\jakarta\annotation\jakarta.annotation-api\1.3.5\jakarta.annotation-api-1.3.5.jar;C:\Users\kuosh\.m2\repository\org\yaml\snakeyaml\1.28\snakeyaml-1.28.jar;C:\Users\kuosh\.m2\repository\org\springframework\boot\spring-boot-starter-json\2.5.8\spring-boot-starter-json-2.5.8.jar;C:\Users\kuosh\.m2\repository\com\fasterxml\jackson\core\jackson-databind\2.12.6\jackson-databind-2.12.6.jar;C:\Users\kuosh\.m2\repository\com\fasterxml\jackson\core\jackson-core\2.12.6\jackson-core-2.12.6.jar;C:\Users\kuosh\.m2\repository\com\fasterxml\jackson\datatype\jackson-datatype-jdk8\2.12.6\jackson-datatype-jdk8-2.12.6.jar;C:\Users\kuosh\.m2\repository\com\fasterxml\jackson\datatype\jackson-datatype-jsr310\2.12.6\jackson-datatype-jsr310-2.12.6.jar;C:\Users\kuosh\.m2\repository\com\fasterxml\jackson\module\jackson-module-parameter-names\2.12.6\jackson-module-parameter-names-2.12.6.jar;C:\Users\kuosh\.m2\repository\org\springframework\boot\spring-boot-starter-tomcat\2.5.8\spring-boot-starter-tomcat-2.5.8.jar;C:\Users\kuosh\.m2\repository\org\apache\tomcat\embed\tomcat-embed-core\9.0.56\tomcat-embed-core-9.0.56.jar;C:\Users\kuosh\.m2\repository\org\apache\tomcat\embed\tomcat-embed-websocket\9.0.56\tomcat-embed-websocket-9.0.56.jar;C:\Users\kuosh\.m2\repository\org\springframework\spring-web\5.3.14\spring-web-5.3.14.jar;C:\Users\kuosh\.m2\repository\org\springframework\spring-webmvc\5.3.14\spring-webmvc-5.3.14.jar;C:\Users\kuosh\.m2\repository\org\apache\maven\maven-model\3.9.0\maven-model-3.9.0.jar;C:\Users\kuosh\.m2\repository\org\codehaus\plexus\plexus-utils\3.4.2\plexus-utils-3.4.2.jar;C:\Users\kuosh\.m2\repository\org\springframework\boot\spring-boot-devtools\2.5.8\spring-boot-devtools-2.5.8.jar;C:\Users\kuosh\.m2\repository\org\springframework\boot\spring-boot\2.5.8\spring-boot-2.5.8.jar;C:\Users\kuosh\.m2\repository\org\springframework\boot\spring-boot-autoconfigure\2.5.8\spring-boot-autoconfigure-2.5.8.jar;C:\Users\kuosh\.m2\repository\org\springframework\boot\spring-boot-starter-validation\2.5.8\spring-boot-starter-validation-2.5.8.jar;C:\Users\kuosh\.m2\repository\org\apache\tomcat\embed\tomcat-embed-el\9.0.56\tomcat-embed-el-9.0.56.jar;C:\Users\kuosh\.m2\repository\org\hibernate\validator\hibernate-validator\6.2.0.Final\hibernate-validator-6.2.0.Final.jar;C:\Users\kuosh\.m2\repository\jakarta\validation\jakarta.validation-api\2.0.2\jakarta.validation-api-2.0.2.jar;C:\Users\kuosh\.m2\repository\org\jboss\logging\jboss-logging\3.4.2.Final\jboss-logging-3.4.2.Final.jar;C:\Users\kuosh\.m2\repository\com\fasterxml\classmate\1.5.1\classmate-1.5.1.jar;C:\Users\kuosh\.m2\repository\org\springframework\boot\spring-boot-starter-data-jpa\2.5.8\spring-boot-starter-data-jpa-2.5.8.jar;C:\Users\kuosh\.m2\repository\org\springframework\boot\spring-boot-starter-aop\2.5.8\spring-boot-starter-aop-2.5.8.jar;C:\Users\kuosh\.m2\repository\org\aspectj\aspectjweaver\1.9.7\aspectjweaver-1.9.7.jar;C:\Users\kuosh\.m2\repository\org\springframework\boot\spring-boot-starter-jdbc\2.5.8\spring-boot-starter-jdbc-2.5.8.jar;C:\Users\kuosh\.m2\repository\com\zaxxer\HikariCP\4.0.3\HikariCP-4.0.3.jar;C:\Users\kuosh\.m2\repository\org\springframework\spring-jdbc\5.3.14\spring-jdbc-5.3.14.jar;C:\Users\kuosh\.m2\repository\jakarta\transaction\jakarta.transaction-api\1.3.3\jakarta.transaction-api-1.3.3.jar;C:\Users\kuosh\.m2\repository\jakarta\persistence\jakarta.persistence-api\2.2.3\jakarta.persistence-api-2.2.3.jar;C:\Users\kuosh\.m2\repository\org\hibernate\hibernate-core\5.4.33\hibernate-core-5.4.33.jar;C:\Users\kuosh\.m2\repository\org\javassist\javassist\3.27.0-GA\javassist-3.27.0-GA.jar;C:\Users\kuosh\.m2\repository\net\bytebuddy\byte-buddy\1.10.22\byte-buddy-1.10.22.jar;C:\Users\kuosh\.m2\repository\antlr\antlr\2.7.7\antlr-2.7.7.jar;C:\Users\kuosh\.m2\repository\org\jboss\jandex\2.2.3.Final\jandex-2.2.3.Final.jar;C:\Users\kuosh\.m2\repository\org\dom4j\dom4j\2.1.3\dom4j-2.1.3.jar;C:\Users\kuosh\.m2\repository\org\hibernate\common\hibernate-commons-annotations\5.1.2.Final\hibernate-commons-annotations-5.1.2.Final.jar;C:\Users\kuosh\.m2\repository\org\glassfish\jaxb\jaxb-runtime\2.3.5\jaxb-runtime-2.3.5.jar;C:\Users\kuosh\.m2\repository\org\glassfish\jaxb\txw2\2.3.5\txw2-2.3.5.jar;C:\Users\kuosh\.m2\repository\com\sun\istack\istack-commons-runtime\3.0.12\istack-commons-runtime-3.0.12.jar;C:\Users\kuosh\.m2\repository\com\sun\activation\jakarta.activation\1.2.2\jakarta.activation-1.2.2.jar;C:\Users\kuosh\.m2\repository\org\springframework\data\spring-data-jpa\2.5.7\spring-data-jpa-2.5.7.jar;C:\Users\kuosh\.m2\repository\org\springframework\spring-orm\5.3.14\spring-orm-5.3.14.jar;C:\Users\kuosh\.m2\repository\org\springframework\spring-tx\5.3.14\spring-tx-5.3.14.jar;C:\Users\kuosh\.m2\repository\org\springframework\spring-aspects\5.3.14\spring-aspects-5.3.14.jar;C:\Users\kuosh\.m2\repository\org\springframework\boot\spring-boot-starter-security\2.7.9\spring-boot-starter-security-2.7.9.jar;C:\Users\kuosh\.m2\repository\org\springframework\spring-aop\5.3.14\spring-aop-5.3.14.jar;C:\Users\kuosh\.m2\repository\org\thymeleaf\extras\thymeleaf-extras-springsecurity5\3.0.4.RELEASE\thymeleaf-extras-springsecurity5-3.0.4.RELEASE.jar;C:\Users\kuosh\.m2\repository\org\slf4j\slf4j-api\1.7.32\slf4j-api-1.7.32.jar;C:\Users\kuosh\.m2\repository\org\springframework\security\spring-security-web\5.5.4\spring-security-web-5.5.4.jar;C:\Users\kuosh\.m2\repository\org\springframework\security\spring-security-core\5.5.4\spring-security-core-5.5.4.jar;C:\Users\kuosh\.m2\repository\org\springframework\security\spring-security-crypto\5.5.4\spring-security-crypto-5.5.4.jar;C:\Users\kuosh\.m2\repository\org\springframework\spring-core\5.3.14\spring-core-5.3.14.jar;C:\Users\kuosh\.m2\repository\org\springframework\spring-jcl\5.3.14\spring-jcl-5.3.14.jar;C:\Users\kuosh\.m2\repository\org\springframework\spring-beans\5.3.14\spring-beans-5.3.14.jar;C:\Users\kuosh\.m2\repository\org\springframework\spring-context\5.3.14\spring-context-5.3.14.jar;C:\Users\kuosh\.m2\repository\org\springframework\spring-expression\5.3.14\spring-expression-5.3.14.jar;C:\Users\kuosh\.m2\repository\org\springframework\security\spring-security-config\5.5.4\spring-security-config-5.5.4.jar;C:\Users\kuosh\.m2\repository\org\springframework\security\spring-security-taglibs\5.5.4\spring-security-taglibs-5.5.4.jar;C:\Users\kuosh\.m2\repository\org\springframework\security\spring-security-acl\5.5.4\spring-security-acl-5.5.4.jar;C:\Users\kuosh\.m2\repository\org\springframework\boot\spring-boot-starter-thymeleaf\2.5.8\spring-boot-starter-thymeleaf-2.5.8.jar;C:\Users\kuosh\.m2\repository\org\thymeleaf\extras\thymeleaf-extras-java8time\3.0.4.RELEASE\thymeleaf-extras-java8time-3.0.4.RELEASE.jar;C:\Users\kuosh\.m2\repository\org\thymeleaf\thymeleaf-spring5\3.0.12.RELEASE\thymeleaf-spring5-3.0.12.RELEASE.jar;C:\Users\kuosh\.m2\repository\org\thymeleaf\thymeleaf\3.0.14.RELEASE\thymeleaf-3.0.14.RELEASE.jar;C:\Users\kuosh\.m2\repository\org\attoparser\attoparser\2.0.5.RELEASE\attoparser-2.0.5.RELEASE.jar;C:\Users\kuosh\.m2\repository\org\unbescape\unbescape\1.1.6.RELEASE\unbescape-1.1.6.RELEASE.jar;C:\Users\kuosh\.m2\repository\org\postgresql\postgresql\42.5.1\postgresql-42.5.1.jar;C:\Users\kuosh\.m2\repository\org\checkerframework\checker-qual\3.5.0\checker-qual-3.5.0.jar;C:\Users\kuosh\.m2\repository\org\mariadb\jdbc\mariadb-java-client\3.1.1\mariadb-java-client-3.1.1.jar;C:\Users\kuosh\.m2\repository\com\github\waffle\waffle-jna\3.2.0\waffle-jna-3.2.0.jar;C:\Users\kuosh\.m2\repository\net\java\dev\jna\jna\5.12.1\jna-5.12.1.jar;C:\Users\kuosh\.m2\repository\net\java\dev\jna\jna-platform\5.12.1\jna-platform-5.12.1.jar;C:\Users\kuosh\.m2\repository\org\slf4j\jcl-over-slf4j\1.7.32\jcl-over-slf4j-1.7.32.jar;C:\Users\kuosh\.m2\repository\com\github\ben-manes\caffeine\caffeine\2.9.3\caffeine-2.9.3.jar;C:\Users\kuosh\.m2\repository\com\mysql\mysql-connector-j\8.0.32\mysql-connector-j-8.0.32.jar;C:\Users\kuosh\.m2\repository\com\google\protobuf\protobuf-java\3.21.12\protobuf-java-3.21.12.jar;C:\Users\kuosh\.m2\repository\org\springframework\security\spring-security-data\5.5.4\spring-security-data-5.5.4.jar;C:\Users\kuosh\.m2\repository\javax\xml\bind\jaxb-api\2.3.1\jaxb-api-2.3.1.jar;C:\Users\kuosh\.m2\repository\javax\activation\javax.activation-api\1.2.0\javax.activation-api-1.2.0.jar;C:\Users\kuosh\.m2\repository\org\springframework\data\spring-data-commons\2.5.7\spring-data-commons-2.5.7.jar;C:\Users\kuosh\.m2\repository\org\springframework\boot\spring-boot-starter-test\2.5.8\spring-boot-starter-test-2.5.8.jar;C:\Users\kuosh\.m2\repository\org\springframework\boot\spring-boot-test\2.5.8\spring-boot-test-2.5.8.jar;C:\Users\kuosh\.m2\repository\org\springframework\boot\spring-boot-test-autoconfigure\2.5.8\spring-boot-test-autoconfigure-2.5.8.jar;C:\Users\kuosh\.m2\repository\com\jayway\jsonpath\json-path\2.5.0\json-path-2.5.0.jar;C:\Users\kuosh\.m2\repository\net\minidev\json-smart\2.4.7\json-smart-2.4.7.jar;C:\Users\kuosh\.m2\repository\net\minidev\accessors-smart\2.4.7\accessors-smart-2.4.7.jar;C:\Users\kuosh\.m2\repository\org\ow2\asm\asm\9.1\asm-9.1.jar;C:\Users\kuosh\.m2\repository\jakarta\xml\bind\jakarta.xml.bind-api\2.3.3\jakarta.xml.bind-api-2.3.3.jar;C:\Users\kuosh\.m2\repository\jakarta\activation\jakarta.activation-api\1.2.2\jakarta.activation-api-1.2.2.jar;C:\Users\kuosh\.m2\repository\org\assertj\assertj-core\3.19.0\assertj-core-3.19.0.jar;C:\Users\kuosh\.m2\repository\org\hamcrest\hamcrest\2.2\hamcrest-2.2.jar;C:\Users\kuosh\.m2\repository\org\junit\jupiter\junit-jupiter\5.7.2\junit-jupiter-5.7.2.jar;C:\Users\kuosh\.m2\repository\org\junit\jupiter\junit-jupiter-api\5.7.2\junit-jupiter-api-5.7.2.jar;C:\Users\kuosh\.m2\repository\org\apiguardian\apiguardian-api\1.1.0\apiguardian-api-1.1.0.jar;C:\Users\kuosh\.m2\repository\org\opentest4j\opentest4j\1.2.0\opentest4j-1.2.0.jar;C:\Users\kuosh\.m2\repository\org\junit\platform\junit-platform-commons\1.7.2\junit-platform-commons-1.7.2.jar;C:\Users\kuosh\.m2\repository\org\junit\jupiter\junit-jupiter-params\5.7.2\junit-jupiter-params-5.7.2.jar;C:\Users\kuosh\.m2\repository\org\junit\jupiter\junit-jupiter-engine\5.7.2\junit-jupiter-engine-5.7.2.jar;C:\Users\kuosh\.m2\repository\org\junit\platform\junit-platform-engine\1.7.2\junit-platform-engine-1.7.2.jar;C:\Users\kuosh\.m2\repository\org\mockito\mockito-core\3.9.0\mockito-core-3.9.0.jar;C:\Users\kuosh\.m2\repository\net\bytebuddy\byte-buddy-agent\1.10.22\byte-buddy-agent-1.10.22.jar;C:\Users\kuosh\.m2\repository\org\objenesis\objenesis\3.2\objenesis-3.2.jar;C:\Users\kuosh\.m2\repository\org\mockito\mockito-junit-jupiter\3.9.0\mockito-junit-jupiter-3.9.0.jar;C:\Users\kuosh\.m2\repository\org\skyscreamer\jsonassert\1.5.0\jsonassert-1.5.0.jar;C:\Users\kuosh\.m2\repository\com\vaadin\external\google\android-json\0.0.20131108.vaadin1\android-json-0.0.20131108.vaadin1.jar;C:\Users\kuosh\.m2\repository\org\xmlunit\xmlunit-core\2.8.4\xmlunit-core-2.8.4.jar;C:\Users\kuosh\.m2\repository\org\springframework\spring-test\5.3.14\spring-test-5.3.14.jar;C:\Users\kuosh\.m2\repository\org\webjars\jquery\3.6.1\jquery-3.6.1.jar;C:\Users\kuosh\.m2\repository\org\springframework\boot\spring-boot-starter-data-rest\2.5.8\spring-boot-starter-data-rest-2.5.8.jar;C:\Users\kuosh\.m2\repository\org\springframework\data\spring-data-rest-webmvc\3.5.7\spring-data-rest-webmvc-3.5.7.jar;C:\Users\kuosh\.m2\repository\org\springframework\data\spring-data-rest-core\3.5.7\spring-data-rest-core-3.5.7.jar;C:\Users\kuosh\.m2\repository\org\springframework\hateoas\spring-hateoas\1.3.6\spring-hateoas-1.3.6.jar;C:\Users\kuosh\.m2\repository\org\springframework\plugin\spring-plugin-core\2.0.0.RELEASE\spring-plugin-core-2.0.0.RELEASE.jar;C:\Users\kuosh\.m2\repository\org\atteo\evo-inflector\1.2.2\evo-inflector-1.2.2.jar;C:\Users\kuosh\.m2\repository\com\fasterxml\jackson\core\jackson-annotations\2.12.6\jackson-annotations-2.12.6.jar;C:\Users\kuosh\.m2\repository\javax\validation\validation-api\2.0.1.Final\validation-api-2.0.1.Final.jar;C:\Users\kuosh\.m2\repository\com\alibaba\fastjson\2.0.21\fastjson-2.0.21.jar;C:\Users\kuosh\.m2\repository\com\alibaba\fastjson2\fastjson2-extension\2.0.21\fastjson2-extension-2.0.21.jar;C:\Users\kuosh\.m2\repository\com\alibaba\fastjson2\fastjson2\2.0.21\fastjson2-2.0.21.jar;C:\Users\kuosh\.m2\repository\org\projectlombok\lombok\1.18.24\lombok-1.18.24.jar;C:\Users\kuosh\.m2\repository\org\jetbrains\annotations\23.1.0\annotations-23.1.0.jar;C:\Users\kuosh\.m2\repository\com\google\cloud\tools\appengine-maven-plugin\2.4.2\appengine-maven-plugin-2.4.2.jar;C:\Users\kuosh\.m2\repository\org\apache\maven\maven-plugin-api\3.5.0\maven-plugin-api-3.5.0.jar;C:\Users\kuosh\.m2\repository\org\apache\maven\maven-artifact\3.5.0\maven-artifact-3.5.0.jar;C:\Users\kuosh\.m2\repository\org\eclipse\sisu\org.eclipse.sisu.plexus\0.3.3\org.eclipse.sisu.plexus-0.3.3.jar;C:\Users\kuosh\.m2\repository\javax\enterprise\cdi-api\1.0\cdi-api-1.0.jar;C:\Users\kuosh\.m2\repository\javax\annotation\jsr250-api\1.0\jsr250-api-1.0.jar;C:\Users\kuosh\.m2\repository\org\eclipse\sisu\org.eclipse.sisu.inject\0.3.3\org.eclipse.sisu.inject-0.3.3.jar;C:\Users\kuosh\.m2\repository\org\apache\maven\maven-core\3.5.0\maven-core-3.5.0.jar;C:\Users\kuosh\.m2\repository\org\apache\maven\maven-settings\3.5.0\maven-settings-3.5.0.jar;C:\Users\kuosh\.m2\repository\org\apache\maven\maven-settings-builder\3.5.0\maven-settings-builder-3.5.0.jar;C:\Users\kuosh\.m2\repository\org\apache\maven\maven-builder-support\3.5.0\maven-builder-support-3.5.0.jar;C:\Users\kuosh\.m2\repository\org\apache\maven\maven-repository-metadata\3.5.0\maven-repository-metadata-3.5.0.jar;C:\Users\kuosh\.m2\repository\org\apache\maven\maven-model-builder\3.5.0\maven-model-builder-3.5.0.jar;C:\Users\kuosh\.m2\repository\org\apache\maven\maven-resolver-provider\3.5.0\maven-resolver-provider-3.5.0.jar;C:\Users\kuosh\.m2\repository\org\apache\maven\resolver\maven-resolver-impl\1.0.3\maven-resolver-impl-1.0.3.jar;C:\Users\kuosh\.m2\repository\org\apache\maven\resolver\maven-resolver-api\1.0.3\maven-resolver-api-1.0.3.jar;C:\Users\kuosh\.m2\repository\org\apache\maven\resolver\maven-resolver-spi\1.0.3\maven-resolver-spi-1.0.3.jar;C:\Users\kuosh\.m2\repository\org\apache\maven\resolver\maven-resolver-util\1.0.3\maven-resolver-util-1.0.3.jar;C:\Users\kuosh\.m2\repository\org\apache\maven\shared\maven-shared-utils\3.1.0\maven-shared-utils-3.1.0.jar;C:\Users\kuosh\.m2\repository\com\google\inject\guice\4.0\guice-4.0-no_aop.jar;C:\Users\kuosh\.m2\repository\javax\inject\javax.inject\1\javax.inject-1.jar;C:\Users\kuosh\.m2\repository\aopalliance\aopalliance\1.0\aopalliance-1.0.jar;C:\Users\kuosh\.m2\repository\org\codehaus\plexus\plexus-interpolation\1.24\plexus-interpolation-1.24.jar;C:\Users\kuosh\.m2\repository\org\codehaus\plexus\plexus-classworlds\2.5.2\plexus-classworlds-2.5.2.jar;C:\Users\kuosh\.m2\repository\org\codehaus\plexus\plexus-component-annotations\1.7.1\plexus-component-annotations-1.7.1.jar;C:\Users\kuosh\.m2\repository\org\sonatype\plexus\plexus-sec-dispatcher\1.4\plexus-sec-dispatcher-1.4.jar;C:\Users\kuosh\.m2\repository\org\sonatype\plexus\plexus-cipher\1.4\plexus-cipher-1.4.jar;C:\Users\kuosh\.m2\repository\org\apache\commons\commons-lang3\3.12.0\commons-lang3-3.12.0.jar;C:\Users\kuosh\.m2\repository\com\google\cloud\tools\appengine-plugins-core\0.9.7\appengine-plugins-core-0.9.7.jar;C:\Users\kuosh\.m2\repository\com\google\code\gson\gson\2.8.9\gson-2.8.9.jar;C:\Users\kuosh\.m2\repository\org\glassfish\javax.json\1.0.4\javax.json-1.0.4.jar;C:\Users\kuosh\.m2\repository\org\apache\commons\commons-compress\1.21\commons-compress-1.21.jar;C:\Users\kuosh\.m2\repository\commons-io\commons-io\2.7\commons-io-2.7.jar;C:\Users\kuosh\.m2\repository\com\google\guava\guava\23.0\guava-23.0.jar;C:\Users\kuosh\.m2\repository\com\google\code\findbugs\jsr305\1.3.9\jsr305-1.3.9.jar;C:\Users\kuosh\.m2\repository\com\google\errorprone\error_prone_annotations\2.0.18\error_prone_annotations-2.0.18.jar;C:\Users\kuosh\.m2\repository\com\google\j2objc\j2objc-annotations\1.1\j2objc-annotations-1.1.jar;C:\Users\kuosh\.m2\repository\org\codehaus\mojo\animal-sniffer-annotations\1.14\animal-sniffer-annotations-1.14.jar;"/>
    <property name="java.vm.vendor" value="Oracle Corporation"/>
    <property name="sun.arch.data.model" value="64"/>
    <property name="user.variant" value=""/>
    <property name="java.vendor.url" value="https://openjdk.java.net/"/>
    <property name="user.timezone" value="Asia/Singapore"/>
    <property name="java.vm.specification.version" value="11"/>
    <property name="os.name" value="Windows 10"/>
    <property name="sun.java.launcher" value="SUN_STANDARD"/>
    <property name="user.country" value="SG"/>
    <property name="sun.boot.library.path" value="C:\Program Files\Java\jdk-11.0.15.1\bin"/>
    <property name="sun.java.command" value="C:\Users\kuosh\AppData\Local\Temp\surefire14875353143690073719\surefirebooter203885615529772480.jar C:\Users\kuosh\AppData\Local\Temp\surefire14875353143690073719 2023-04-09T21-18-44_134-jvmRun1 surefire84230718125985638tmp surefire_016731614302212719527tmp"/>
    <property name="jdk.debug" value="release"/>
    <property name="surefire.test.class.path" value="G:\springtutorials\cmsshoppingcart\cmsshoppingcart\target\test-classes;G:\springtutorials\cmsshoppingcart\cmsshoppingcart\target\classes;C:\Users\kuosh\.m2\repository\org\springframework\boot\spring-boot-starter-web\3.0.0\spring-boot-starter-web-3.0.0.jar;C:\Users\kuosh\.m2\repository\org\springframework\boot\spring-boot-starter\2.5.8\spring-boot-starter-2.5.8.jar;C:\Users\kuosh\.m2\repository\org\springframework\boot\spring-boot-starter-logging\2.5.8\spring-boot-starter-logging-2.5.8.jar;C:\Users\kuosh\.m2\repository\ch\qos\logback\logback-classic\1.2.9\logback-classic-1.2.9.jar;C:\Users\kuosh\.m2\repository\ch\qos\logback\logback-core\1.2.9\logback-core-1.2.9.jar;C:\Users\kuosh\.m2\repository\org\apache\logging\log4j\log4j-to-slf4j\2.17.0\log4j-to-slf4j-2.17.0.jar;C:\Users\kuosh\.m2\repository\org\apache\logging\log4j\log4j-api\2.17.0\log4j-api-2.17.0.jar;C:\Users\kuosh\.m2\repository\org\slf4j\jul-to-slf4j\1.7.32\jul-to-slf4j-1.7.32.jar;C:\Users\kuosh\.m2\repository\jakarta\annotation\jakarta.annotation-api\1.3.5\jakarta.annotation-api-1.3.5.jar;C:\Users\kuosh\.m2\repository\org\yaml\snakeyaml\1.28\snakeyaml-1.28.jar;C:\Users\kuosh\.m2\repository\org\springframework\boot\spring-boot-starter-json\2.5.8\spring-boot-starter-json-2.5.8.jar;C:\Users\kuosh\.m2\repository\com\fasterxml\jackson\core\jackson-databind\2.12.6\jackson-databind-2.12.6.jar;C:\Users\kuosh\.m2\repository\com\fasterxml\jackson\core\jackson-core\2.12.6\jackson-core-2.12.6.jar;C:\Users\kuosh\.m2\repository\com\fasterxml\jackson\datatype\jackson-datatype-jdk8\2.12.6\jackson-datatype-jdk8-2.12.6.jar;C:\Users\kuosh\.m2\repository\com\fasterxml\jackson\datatype\jackson-datatype-jsr310\2.12.6\jackson-datatype-jsr310-2.12.6.jar;C:\Users\kuosh\.m2\repository\com\fasterxml\jackson\module\jackson-module-parameter-names\2.12.6\jackson-module-parameter-names-2.12.6.jar;C:\Users\kuosh\.m2\repository\org\springframework\boot\spring-boot-starter-tomcat\2.5.8\spring-boot-starter-tomcat-2.5.8.jar;C:\Users\kuosh\.m2\repository\org\apache\tomcat\embed\tomcat-embed-core\9.0.56\tomcat-embed-core-9.0.56.jar;C:\Users\kuosh\.m2\repository\org\apache\tomcat\embed\tomcat-embed-websocket\9.0.56\tomcat-embed-websocket-9.0.56.jar;C:\Users\kuosh\.m2\repository\org\springframework\spring-web\5.3.14\spring-web-5.3.14.jar;C:\Users\kuosh\.m2\repository\org\springframework\spring-webmvc\5.3.14\spring-webmvc-5.3.14.jar;C:\Users\kuosh\.m2\repository\org\apache\maven\maven-model\3.9.0\maven-model-3.9.0.jar;C:\Users\kuosh\.m2\repository\org\codehaus\plexus\plexus-utils\3.4.2\plexus-utils-3.4.2.jar;C:\Users\kuosh\.m2\repository\org\springframework\boot\spring-boot-devtools\2.5.8\spring-boot-devtools-2.5.8.jar;C:\Users\kuosh\.m2\repository\org\springframework\boot\spring-boot\2.5.8\spring-boot-2.5.8.jar;C:\Users\kuosh\.m2\repository\org\springframework\boot\spring-boot-autoconfigure\2.5.8\spring-boot-autoconfigure-2.5.8.jar;C:\Users\kuosh\.m2\repository\org\springframework\boot\spring-boot-starter-validation\2.5.8\spring-boot-starter-validation-2.5.8.jar;C:\Users\kuosh\.m2\repository\org\apache\tomcat\embed\tomcat-embed-el\9.0.56\tomcat-embed-el-9.0.56.jar;C:\Users\kuosh\.m2\repository\org\hibernate\validator\hibernate-validator\6.2.0.Final\hibernate-validator-6.2.0.Final.jar;C:\Users\kuosh\.m2\repository\jakarta\validation\jakarta.validation-api\2.0.2\jakarta.validation-api-2.0.2.jar;C:\Users\kuosh\.m2\repository\org\jboss\logging\jboss-logging\3.4.2.Final\jboss-logging-3.4.2.Final.jar;C:\Users\kuosh\.m2\repository\com\fasterxml\classmate\1.5.1\classmate-1.5.1.jar;C:\Users\kuosh\.m2\repository\org\springframework\boot\spring-boot-starter-data-jpa\2.5.8\spring-boot-starter-data-jpa-2.5.8.jar;C:\Users\kuosh\.m2\repository\org\springframework\boot\spring-boot-starter-aop\2.5.8\spring-boot-starter-aop-2.5.8.jar;C:\Users\kuosh\.m2\repository\org\aspectj\aspectjweaver\1.9.7\aspectjweaver-1.9.7.jar;C:\Users\kuosh\.m2\repository\org\springframework\boot\spring-boot-starter-jdbc\2.5.8\spring-boot-starter-jdbc-2.5.8.jar;C:\Users\kuosh\.m2\repository\com\zaxxer\HikariCP\4.0.3\HikariCP-4.0.3.jar;C:\Users\kuosh\.m2\repository\org\springframework\spring-jdbc\5.3.14\spring-jdbc-5.3.14.jar;C:\Users\kuosh\.m2\repository\jakarta\transaction\jakarta.transaction-api\1.3.3\jakarta.transaction-api-1.3.3.jar;C:\Users\kuosh\.m2\repository\jakarta\persistence\jakarta.persistence-api\2.2.3\jakarta.persistence-api-2.2.3.jar;C:\Users\kuosh\.m2\repository\org\hibernate\hibernate-core\5.4.33\hibernate-core-5.4.33.jar;C:\Users\kuosh\.m2\repository\org\javassist\javassist\3.27.0-GA\javassist-3.27.0-GA.jar;C:\Users\kuosh\.m2\repository\net\bytebuddy\byte-buddy\1.10.22\byte-buddy-1.10.22.jar;C:\Users\kuosh\.m2\repository\antlr\antlr\2.7.7\antlr-2.7.7.jar;C:\Users\kuosh\.m2\repository\org\jboss\jandex\2.2.3.Final\jandex-2.2.3.Final.jar;C:\Users\kuosh\.m2\repository\org\dom4j\dom4j\2.1.3\dom4j-2.1.3.jar;C:\Users\kuosh\.m2\repository\org\hibernate\common\hibernate-commons-annotations\5.1.2.Final\hibernate-commons-annotations-5.1.2.Final.jar;C:\Users\kuosh\.m2\repository\org\glassfish\jaxb\jaxb-runtime\2.3.5\jaxb-runtime-2.3.5.jar;C:\Users\kuosh\.m2\repository\org\glassfish\jaxb\txw2\2.3.5\txw2-2.3.5.jar;C:\Users\kuosh\.m2\repository\com\sun\istack\istack-commons-runtime\3.0.12\istack-commons-runtime-3.0.12.jar;C:\Users\kuosh\.m2\repository\com\sun\activation\jakarta.activation\1.2.2\jakarta.activation-1.2.2.jar;C:\Users\kuosh\.m2\repository\org\springframework\data\spring-data-jpa\2.5.7\spring-data-jpa-2.5.7.jar;C:\Users\kuosh\.m2\repository\org\springframework\spring-orm\5.3.14\spring-orm-5.3.14.jar;C:\Users\kuosh\.m2\repository\org\springframework\spring-tx\5.3.14\spring-tx-5.3.14.jar;C:\Users\kuosh\.m2\repository\org\springframework\spring-aspects\5.3.14\spring-aspects-5.3.14.jar;C:\Users\kuosh\.m2\repository\org\springframework\boot\spring-boot-starter-security\2.7.9\spring-boot-starter-security-2.7.9.jar;C:\Users\kuosh\.m2\repository\org\springframework\spring-aop\5.3.14\spring-aop-5.3.14.jar;C:\Users\kuosh\.m2\repository\org\thymeleaf\extras\thymeleaf-extras-springsecurity5\3.0.4.RELEASE\thymeleaf-extras-springsecurity5-3.0.4.RELEASE.jar;C:\Users\kuosh\.m2\repository\org\slf4j\slf4j-api\1.7.32\slf4j-api-1.7.32.jar;C:\Users\kuosh\.m2\repository\org\springframework\security\spring-security-web\5.5.4\spring-security-web-5.5.4.jar;C:\Users\kuosh\.m2\repository\org\springframework\security\spring-security-core\5.5.4\spring-security-core-5.5.4.jar;C:\Users\kuosh\.m2\repository\org\springframework\security\spring-security-crypto\5.5.4\spring-security-crypto-5.5.4.jar;C:\Users\kuosh\.m2\repository\org\springframework\spring-core\5.3.14\spring-core-5.3.14.jar;C:\Users\kuosh\.m2\repository\org\springframework\spring-jcl\5.3.14\spring-jcl-5.3.14.jar;C:\Users\kuosh\.m2\repository\org\springframework\spring-beans\5.3.14\spring-beans-5.3.14.jar;C:\Users\kuosh\.m2\repository\org\springframework\spring-context\5.3.14\spring-context-5.3.14.jar;C:\Users\kuosh\.m2\repository\org\springframework\spring-expression\5.3.14\spring-expression-5.3.14.jar;C:\Users\kuosh\.m2\repository\org\springframework\security\spring-security-config\5.5.4\spring-security-config-5.5.4.jar;C:\Users\kuosh\.m2\repository\org\springframework\security\spring-security-taglibs\5.5.4\spring-security-taglibs-5.5.4.jar;C:\Users\kuosh\.m2\repository\org\springframework\security\spring-security-acl\5.5.4\spring-security-acl-5.5.4.jar;C:\Users\kuosh\.m2\repository\org\springframework\boot\spring-boot-starter-thymeleaf\2.5.8\spring-boot-starter-thymeleaf-2.5.8.jar;C:\Users\kuosh\.m2\repository\org\thymeleaf\extras\thymeleaf-extras-java8time\3.0.4.RELEASE\thymeleaf-extras-java8time-3.0.4.RELEASE.jar;C:\Users\kuosh\.m2\repository\org\thymeleaf\thymeleaf-spring5\3.0.12.RELEASE\thymeleaf-spring5-3.0.12.RELEASE.jar;C:\Users\kuosh\.m2\repository\org\thymeleaf\thymeleaf\3.0.14.RELEASE\thymeleaf-3.0.14.RELEASE.jar;C:\Users\kuosh\.m2\repository\org\attoparser\attoparser\2.0.5.RELEASE\attoparser-2.0.5.RELEASE.jar;C:\Users\kuosh\.m2\repository\org\unbescape\unbescape\1.1.6.RELEASE\unbescape-1.1.6.RELEASE.jar;C:\Users\kuosh\.m2\repository\org\postgresql\postgresql\42.5.1\postgresql-42.5.1.jar;C:\Users\kuosh\.m2\repository\org\checkerframework\checker-qual\3.5.0\checker-qual-3.5.0.jar;C:\Users\kuosh\.m2\repository\org\mariadb\jdbc\mariadb-java-client\3.1.1\mariadb-java-client-3.1.1.jar;C:\Users\kuosh\.m2\repository\com\github\waffle\waffle-jna\3.2.0\waffle-jna-3.2.0.jar;C:\Users\kuosh\.m2\repository\net\java\dev\jna\jna\5.12.1\jna-5.12.1.jar;C:\Users\kuosh\.m2\repository\net\java\dev\jna\jna-platform\5.12.1\jna-platform-5.12.1.jar;C:\Users\kuosh\.m2\repository\org\slf4j\jcl-over-slf4j\1.7.32\jcl-over-slf4j-1.7.32.jar;C:\Users\kuosh\.m2\repository\com\github\ben-manes\caffeine\caffeine\2.9.3\caffeine-2.9.3.jar;C:\Users\kuosh\.m2\repository\com\mysql\mysql-connector-j\8.0.32\mysql-connector-j-8.0.32.jar;C:\Users\kuosh\.m2\repository\com\google\protobuf\protobuf-java\3.21.12\protobuf-java-3.21.12.jar;C:\Users\kuosh\.m2\repository\org\springframework\security\spring-security-data\5.5.4\spring-security-data-5.5.4.jar;C:\Users\kuosh\.m2\repository\javax\xml\bind\jaxb-api\2.3.1\jaxb-api-2.3.1.jar;C:\Users\kuosh\.m2\repository\javax\activation\javax.activation-api\1.2.0\javax.activation-api-1.2.0.jar;C:\Users\kuosh\.m2\repository\org\springframework\data\spring-data-commons\2.5.7\spring-data-commons-2.5.7.jar;C:\Users\kuosh\.m2\repository\org\springframework\boot\spring-boot-starter-test\2.5.8\spring-boot-starter-test-2.5.8.jar;C:\Users\kuosh\.m2\repository\org\springframework\boot\spring-boot-test\2.5.8\spring-boot-test-2.5.8.jar;C:\Users\kuosh\.m2\repository\org\springframework\boot\spring-boot-test-autoconfigure\2.5.8\spring-boot-test-autoconfigure-2.5.8.jar;C:\Users\kuosh\.m2\repository\com\jayway\jsonpath\json-path\2.5.0\json-path-2.5.0.jar;C:\Users\kuosh\.m2\repository\net\minidev\json-smart\2.4.7\json-smart-2.4.7.jar;C:\Users\kuosh\.m2\repository\net\minidev\accessors-smart\2.4.7\accessors-smart-2.4.7.jar;C:\Users\kuosh\.m2\repository\org\ow2\asm\asm\9.1\asm-9.1.jar;C:\Users\kuosh\.m2\repository\jakarta\xml\bind\jakarta.xml.bind-api\2.3.3\jakarta.xml.bind-api-2.3.3.jar;C:\Users\kuosh\.m2\repository\jakarta\activation\jakarta.activation-api\1.2.2\jakarta.activation-api-1.2.2.jar;C:\Users\kuosh\.m2\repository\org\assertj\assertj-core\3.19.0\assertj-core-3.19.0.jar;C:\Users\kuosh\.m2\repository\org\hamcrest\hamcrest\2.2\hamcrest-2.2.jar;C:\Users\kuosh\.m2\repository\org\junit\jupiter\junit-jupiter\5.7.2\junit-jupiter-5.7.2.jar;C:\Users\kuosh\.m2\repository\org\junit\jupiter\junit-jupiter-api\5.7.2\junit-jupiter-api-5.7.2.jar;C:\Users\kuosh\.m2\repository\org\apiguardian\apiguardian-api\1.1.0\apiguardian-api-1.1.0.jar;C:\Users\kuosh\.m2\repository\org\opentest4j\opentest4j\1.2.0\opentest4j-1.2.0.jar;C:\Users\kuosh\.m2\repository\org\junit\platform\junit-platform-commons\1.7.2\junit-platform-commons-1.7.2.jar;C:\Users\kuosh\.m2\repository\org\junit\jupiter\junit-jupiter-params\5.7.2\junit-jupiter-params-5.7.2.jar;C:\Users\kuosh\.m2\repository\org\junit\jupiter\junit-jupiter-engine\5.7.2\junit-jupiter-engine-5.7.2.jar;C:\Users\kuosh\.m2\repository\org\junit\platform\junit-platform-engine\1.7.2\junit-platform-engine-1.7.2.jar;C:\Users\kuosh\.m2\repository\org\mockito\mockito-core\3.9.0\mockito-core-3.9.0.jar;C:\Users\kuosh\.m2\repository\net\bytebuddy\byte-buddy-agent\1.10.22\byte-buddy-agent-1.10.22.jar;C:\Users\kuosh\.m2\repository\org\objenesis\objenesis\3.2\objenesis-3.2.jar;C:\Users\kuosh\.m2\repository\org\mockito\mockito-junit-jupiter\3.9.0\mockito-junit-jupiter-3.9.0.jar;C:\Users\kuosh\.m2\repository\org\skyscreamer\jsonassert\1.5.0\jsonassert-1.5.0.jar;C:\Users\kuosh\.m2\repository\com\vaadin\external\google\android-json\0.0.20131108.vaadin1\android-json-0.0.20131108.vaadin1.jar;C:\Users\kuosh\.m2\repository\org\xmlunit\xmlunit-core\2.8.4\xmlunit-core-2.8.4.jar;C:\Users\kuosh\.m2\repository\org\springframework\spring-test\5.3.14\spring-test-5.3.14.jar;C:\Users\kuosh\.m2\repository\org\webjars\jquery\3.6.1\jquery-3.6.1.jar;C:\Users\kuosh\.m2\repository\org\springframework\boot\spring-boot-starter-data-rest\2.5.8\spring-boot-starter-data-rest-2.5.8.jar;C:\Users\kuosh\.m2\repository\org\springframework\data\spring-data-rest-webmvc\3.5.7\spring-data-rest-webmvc-3.5.7.jar;C:\Users\kuosh\.m2\repository\org\springframework\data\spring-data-rest-core\3.5.7\spring-data-rest-core-3.5.7.jar;C:\Users\kuosh\.m2\repository\org\springframework\hateoas\spring-hateoas\1.3.6\spring-hateoas-1.3.6.jar;C:\Users\kuosh\.m2\repository\org\springframework\plugin\spring-plugin-core\2.0.0.RELEASE\spring-plugin-core-2.0.0.RELEASE.jar;C:\Users\kuosh\.m2\repository\org\atteo\evo-inflector\1.2.2\evo-inflector-1.2.2.jar;C:\Users\kuosh\.m2\repository\com\fasterxml\jackson\core\jackson-annotations\2.12.6\jackson-annotations-2.12.6.jar;C:\Users\kuosh\.m2\repository\javax\validation\validation-api\2.0.1.Final\validation-api-2.0.1.Final.jar;C:\Users\kuosh\.m2\repository\com\alibaba\fastjson\2.0.21\fastjson-2.0.21.jar;C:\Users\kuosh\.m2\repository\com\alibaba\fastjson2\fastjson2-extension\2.0.21\fastjson2-extension-2.0.21.jar;C:\Users\kuosh\.m2\repository\com\alibaba\fastjson2\fastjson2\2.0.21\fastjson2-2.0.21.jar;C:\Users\kuosh\.m2\repository\org\projectlombok\lombok\1.18.24\lombok-1.18.24.jar;C:\Users\kuosh\.m2\repository\org\jetbrains\annotations\23.1.0\annotations-23.1.0.jar;C:\Users\kuosh\.m2\repository\com\google\cloud\tools\appengine-maven-plugin\2.4.2\appengine-maven-plugin-2.4.2.jar;C:\Users\kuosh\.m2\repository\org\apache\maven\maven-plugin-api\3.5.0\maven-plugin-api-3.5.0.jar;C:\Users\kuosh\.m2\repository\org\apache\maven\maven-artifact\3.5.0\maven-artifact-3.5.0.jar;C:\Users\kuosh\.m2\repository\org\eclipse\sisu\org.eclipse.sisu.plexus\0.3.3\org.eclipse.sisu.plexus-0.3.3.jar;C:\Users\kuosh\.m2\repository\javax\enterprise\cdi-api\1.0\cdi-api-1.0.jar;C:\Users\kuosh\.m2\repository\javax\annotation\jsr250-api\1.0\jsr250-api-1.0.jar;C:\Users\kuosh\.m2\repository\org\eclipse\sisu\org.eclipse.sisu.inject\0.3.3\org.eclipse.sisu.inject-0.3.3.jar;C:\Users\kuosh\.m2\repository\org\apache\maven\maven-core\3.5.0\maven-core-3.5.0.jar;C:\Users\kuosh\.m2\repository\org\apache\maven\maven-settings\3.5.0\maven-settings-3.5.0.jar;C:\Users\kuosh\.m2\repository\org\apache\maven\maven-settings-builder\3.5.0\maven-settings-builder-3.5.0.jar;C:\Users\kuosh\.m2\repository\org\apache\maven\maven-builder-support\3.5.0\maven-builder-support-3.5.0.jar;C:\Users\kuosh\.m2\repository\org\apache\maven\maven-repository-metadata\3.5.0\maven-repository-metadata-3.5.0.jar;C:\Users\kuosh\.m2\repository\org\apache\maven\maven-model-builder\3.5.0\maven-model-builder-3.5.0.jar;C:\Users\kuosh\.m2\repository\org\apache\maven\maven-resolver-provider\3.5.0\maven-resolver-provider-3.5.0.jar;C:\Users\kuosh\.m2\repository\org\apache\maven\resolver\maven-resolver-impl\1.0.3\maven-resolver-impl-1.0.3.jar;C:\Users\kuosh\.m2\repository\org\apache\maven\resolver\maven-resolver-api\1.0.3\maven-resolver-api-1.0.3.jar;C:\Users\kuosh\.m2\repository\org\apache\maven\resolver\maven-resolver-spi\1.0.3\maven-resolver-spi-1.0.3.jar;C:\Users\kuosh\.m2\repository\org\apache\maven\resolver\maven-resolver-util\1.0.3\maven-resolver-util-1.0.3.jar;C:\Users\kuosh\.m2\repository\org\apache\maven\shared\maven-shared-utils\3.1.0\maven-shared-utils-3.1.0.jar;C:\Users\kuosh\.m2\repository\com\google\inject\guice\4.0\guice-4.0-no_aop.jar;C:\Users\kuosh\.m2\repository\javax\inject\javax.inject\1\javax.inject-1.jar;C:\Users\kuosh\.m2\repository\aopalliance\aopalliance\1.0\aopalliance-1.0.jar;C:\Users\kuosh\.m2\repository\org\codehaus\plexus\plexus-interpolation\1.24\plexus-interpolation-1.24.jar;C:\Users\kuosh\.m2\repository\org\codehaus\plexus\plexus-classworlds\2.5.2\plexus-classworlds-2.5.2.jar;C:\Users\kuosh\.m2\repository\org\codehaus\plexus\plexus-component-annotations\1.7.1\plexus-component-annotations-1.7.1.jar;C:\Users\kuosh\.m2\repository\org\sonatype\plexus\plexus-sec-dispatcher\1.4\plexus-sec-dispatcher-1.4.jar;C:\Users\kuosh\.m2\repository\org\sonatype\plexus\plexus-cipher\1.4\plexus-cipher-1.4.jar;C:\Users\kuosh\.m2\repository\org\apache\commons\commons-lang3\3.12.0\commons-lang3-3.12.0.jar;C:\Users\kuosh\.m2\repository\com\google\cloud\tools\appengine-plugins-core\0.9.7\appengine-plugins-core-0.9.7.jar;C:\Users\kuosh\.m2\repository\com\google\code\gson\gson\2.8.9\gson-2.8.9.jar;C:\Users\kuosh\.m2\repository\org\glassfish\javax.json\1.0.4\javax.json-1.0.4.jar;C:\Users\kuosh\.m2\repository\org\apache\commons\commons-compress\1.21\commons-compress-1.21.jar;C:\Users\kuosh\.m2\repository\commons-io\commons-io\2.7\commons-io-2.7.jar;C:\Users\kuosh\.m2\repository\com\google\guava\guava\23.0\guava-23.0.jar;C:\Users\kuosh\.m2\repository\com\google\code\findbugs\jsr305\1.3.9\jsr305-1.3.9.jar;C:\Users\kuosh\.m2\repository\com\google\errorprone\error_prone_annotations\2.0.18\error_prone_annotations-2.0.18.jar;C:\Users\kuosh\.m2\repository\com\google\j2objc\j2objc-annotations\1.1\j2objc-annotations-1.1.jar;C:\Users\kuosh\.m2\repository\org\codehaus\mojo\animal-sniffer-annotations\1.14\animal-sniffer-annotations-1.14.jar;"/>
    <property name="sun.cpu.endian" value="little"/>
    <property name="user.home" value="C:\Users\kuosh"/>
    <property name="user.language" value="en"/>
    <property name="java.specification.vendor" value="Oracle Corporation"/>
    <property name="java.version.date" value="2022-04-22"/>
    <property name="java.home" value="C:\Program Files\Java\jdk-11.0.15.1"/>
    <property name="file.separator" value="\"/>
    <property name="basedir" value="G:\springtutorials\cmsshoppingcart\cmsshoppingcart"/>
    <property name="java.vm.compressedOopsMode" value="Zero based"/>
    <property name="line.separator" value="&#10;"/>
    <property name="java.specification.name" value="Java Platform API Specification"/>
    <property name="java.vm.specification.vendor" value="Oracle Corporation"/>
    <property name="java.awt.graphicsenv" value="sun.awt.Win32GraphicsEnvironment"/>
    <property name="surefire.real.class.path" value="C:\Users\kuosh\AppData\Local\Temp\surefire14875353143690073719\surefirebooter203885615529772480.jar"/>
    <property name="user.script" value=""/>
    <property name="sun.management.compiler" value="HotSpot 64-Bit Tiered Compilers"/>
    <property name="java.runtime.version" value="11.0.15.1+2-LTS-10"/>
    <property name="user.name" value="kuosh"/>
    <property name="path.separator" value=";"/>
    <property name="os.version" value="10.0"/>
    <property name="java.runtime.name" value="Java(TM) SE Runtime Environment"/>
    <property name="file.encoding" value="Cp1252"/>
    <property name="java.vm.name" value="Java HotSpot(TM) 64-Bit Server VM"/>
    <property name="java.vendor.version" value="18.9"/>
    <property name="localRepository" value="C:\Users\kuosh\.m2\repository"/>
    <property name="java.vendor.url.bug" value="https://bugreport.java.com/bugreport/"/>
    <property name="java.io.tmpdir" value="C:\Users\kuosh\AppData\Local\Temp\"/>
    <property name="java.version" value="11.0.15.1"/>
    <property name="user.dir" value="G:\springtutorials\cmsshoppingcart\cmsshoppingcart"/>
    <property name="os.arch" value="amd64"/>
    <property name="java.vm.specification.name" value="Java Virtual Machine Specification"/>
    <property name="java.awt.printerjob" value="sun.awt.windows.WPrinterJob"/>
    <property name="sun.os.patch.level" value=""/>
    <property name="java.library.path" value="C:\Program Files\Java\jdk-11.0.15.1\bin;C:\WINDOWS\Sun\Java\bin;C:\WINDOWS\system32;C:\WINDOWS;C:\Program Files (x86)\Common Files\Intel\Shared Libraries\redist\intel64\compiler;C:\app\kuosh\product\21c\dbhomeXE\bin;C:\Program Files\Common Files\Oracle\Java\javapath;C:\Program Files (x86)\Common Files\Oracle\Java\javapath;C:\Users\kuosh\Downloads\WINDOWS.X64_213000_db_home\bin;C:\Program Files\NVIDIA GPU Computing Toolkit\CUDA\v10.2\bin;C:\Program Files\NVIDIA GPU Computing Toolkit\CUDA\v10.2\libnvvp;C:\Windows\System32;C:\Program Files\Java\jdk-11.0.15.1\bin;C:\Windows\System32\WindowsPowerShell\v1.0\;C:\Windows\System32\OpenSSH\;C:\Program Files (x86)\NVIDIA Corporation\PhysX\Common;C:\Program Files\NVIDIA Corporation\NVIDIA NvDLISR;C:\WINDOWS\System32\WindowsPowerShell\v1.0\;C:\Program Files\Azure Data Studio\bin;C:\Program Files\Microsoft SQL Server\Client SDK\ODBC\170\Tools\Binn\;C:\ProgramData\chocolatey\bin;C:\Program Files (x86)\Yarn\bin\;C:\Program Files\NVIDIA Corporation\Nsight Compute 2019.5.0\;C:\Users\kuosh\gradle-7.5\bin;C:\Users\kuosh\Documents\Spring Boot Framework\apress_beginning-spring-boot-2_PrasadReddy\apache-maven-3.8.6\bin;C:\Program Files\Amazon\AWSCLIV2\;C:\Program Files\PuTTY\;C:\Program Files\dotnet\;C:\Users\kuosh\AppData\Roaming\nvm;C:\Program Files\nodejs;C:\Program Files\MongoDB\Server\6.0\bin;C:\Program Files\MongoDB\mongosh-1.6.0-win32-x64\bin;C:\Program Files\Git\cmd;C:\Program Files (x86)\Microsoft SQL Server\150\DTS\Binn\;C:\Program Files (x86)\Microsoft SQL Server\150\Tools\Binn\;C:\Program Files\Microsoft SQL Server\150\Tools\Binn\;C:\Program Files\Microsoft SQL Server\150\DTS\Binn\;C:\Program Files\Docker\Docker\resources\bin;C:\Program Files\MongoDB\mongosh-1.6.0-win32-x64\bin;C:\Program Files (x86)\GnuWin32\bin;C:\Users\kuosh\.fly\bin;C:\Program Files\apache-maven-3.9.1\bin;C:\Program Files (x86)\Google\Cloud SDK\google-cloud-sdk\bin;C:\Users\kuosh\scoop\shims;C:\Users\kuosh\AppData\Local\Programs\Python\Python36\Scripts\;C:\Users\kuosh\AppData\Local\Programs\Python\Python36\;C:\Users\kuosh\AppData\Local\Microsoft\WindowsApps;C:\Program Files\Azure Data Studio\bin;C:\Users\kuosh\.dotnet\tools;E:\Program Files\JetBrains\IntelliJ IDEA Community Edition 2022.1.1\bin;C:\Users\kuosh\AppData\Local\Yarn\bin;C:\Program Files\JetBrains\PyCharm Community Edition 2022.1.2\bin;C:\Program Files\Java\jdk-11.0.15.1\bin;C:\Program Files\JetBrains\IntelliJ_Ultimate IDEA 2022.2.2\bin;C:\Program Files\JetBrains\PyCharm 2022.2.3\bin;C:\Users\kuosh\AppData\Roaming\nvm;C:\Program Files\nodejs;C:\Program Files\MongoDB\Server\6.0\bin;C:\Program Files\MongoDB\mongosh-1.6.0-win32-x64\bin;C:\Users\kuosh\.dotnet\tools;C:\Users\kuosh\Documents\platform-tools_r33.0.3-windows\platform-tools;C:\OpenCV\x64\vc16\bin;C:\Users\kuosh\AppData\Local\Programs\Microsoft VS Code\bin;C:\Program Files\MongoDB\mongosh-1.6.0-win32-x64\bin;C:\Program Files\JetBrains\DataSpell 2022.2.3\bin;C:\Users\kuosh\.fly\bin;C:\Program Files\apache-maven-3.9.1\bin;;."/>
    <property name="java.vendor" value="Oracle Corporation"/>
    <property name="java.vm.info" value="mixed mode"/>
    <property name="java.vm.version" value="11.0.15.1+2-LTS-10"/>
    <property name="sun.io.unicode.encoding" value="UnicodeLittle"/>
    <property name="java.class.version" value="55.0"/>
  </properties>
  <testcase name="contextLoads" classname="com.clementang.shoppingcart.shoppingcartApplicationTests" time="0.072"/>
</testsuite>